This is pdfTeX, Version 3.141592653-2.6-1.40.25 (TeX Live 2023/Debian) (preloaded format=pdflatex 2024.7.24)  30 JUN 2025 22:51
entering extended mode
 restricted \write18 enabled.
 file:line:error style messages enabled.
 %&-line parsing enabled.
**"/home/ayoubchoukri/Etudes/5A/S2/Assim/TPs/TP2/The FEniCS-based code-20250317/VDA_Report/main_french.tex"
(/home/ayoubchoukri/Etudes/5A/S2/Assim/TPs/TP2/The FEniCS-based code-20250317/VDA_Report/main_french.tex
LaTeX2e <2023-11-01> patch level 1
L3 programming layer <2024-01-22>
(/usr/share/texlive/texmf-dist/tex/latex/base/article.cls
Document Class: article 2023/05/17 v1.4n Standard LaTeX document class
(/usr/share/texlive/texmf-dist/tex/latex/base/size10.clo
File: size10.clo 2023/05/17 v1.4n Standard LaTeX file (size option)
)
\c@part=\count187
\c@section=\count188
\c@subsection=\count189
\c@subsubsection=\count190
\c@paragraph=\count191
\c@subparagraph=\count192
\c@figure=\count193
\c@table=\count194
\abovecaptionskip=\skip48
\belowcaptionskip=\skip49
\bibindent=\dimen140
) (/usr/share/texlive/texmf-dist/tex/latex/graphics/graphicx.sty
Package: graphicx 2021/09/16 v1.2d Enhanced LaTeX Graphics (DPC,SPQR)
 (/usr/share/texlive/texmf-dist/tex/latex/graphics/keyval.sty
Package: keyval 2022/05/29 v1.15 key=value parser (DPC)
\KV@toks@=\toks17
) (/usr/share/texlive/texmf-dist/tex/latex/graphics/graphics.sty
Package: graphics 2022/03/10 v1.4e Standard LaTeX Graphics (DPC,SPQR)
 (/usr/share/texlive/texmf-dist/tex/latex/graphics/trig.sty
Package: trig 2021/08/11 v1.11 sin cos tan (DPC)
) (/usr/share/texlive/texmf-dist/tex/latex/graphics-cfg/graphics.cfg
File: graphics.cfg 2016/06/04 v1.11 sample graphics configuration
)
Package graphics Info: Driver file: pdftex.def on input line 107.
 (/usr/share/texlive/texmf-dist/tex/latex/graphics-def/pdftex.def
File: pdftex.def 2022/09/22 v1.2b Graphics/color driver for pdftex
))
\Gin@req@height=\dimen141
\Gin@req@width=\dimen142
) (/usr/share/texlive/texmf-dist/tex/generic/babel/babel.sty
Package: babel 2024/01/07 v24.1 The Babel package
\babel@savecnt=\count195
\U@D=\dimen143
\l@unhyphenated=\language89
 (/usr/share/texlive/texmf-dist/tex/generic/babel/txtbabel.def)
\bbl@readstream=\read2
\bbl@dirlevel=\count196
 (/usr/share/texlive/texmf-dist/tex/generic/babel-french/french.ldf
Language: french 2023-12-19 v3.5r French support from the babel system
Package babel Info: Hyphen rules for 'acadian' set to \l@french
(babel)             (\language69). Reported on input line 91.
Package babel Info: Hyphen rules for 'canadien' set to \l@french
(babel)             (\language69). Reported on input line 92.
\FB@stdchar=\count197
Package babel Info: Making : an active character on input line 420.
Package babel Info: Making ; an active character on input line 421.
Package babel Info: Making ! an active character on input line 422.
Package babel Info: Making ? an active character on input line 423.
\FBguill@level=\count198
\FBold@everypar=\toks18
\FB@Mht=\dimen144
\mc@charclass=\count199
\mc@charfam=\count266
\mc@charslot=\count267
\std@mcc=\count268
\dec@mcc=\count269
\FB@parskip=\dimen145
\listindentFB=\dimen146
\descindentFB=\dimen147
\labelindentFB=\dimen148
\labelwidthFB=\dimen149
\leftmarginFB=\dimen150
\parindentFFN=\dimen151
\FBfnindent=\dimen152
)) (/usr/share/texlive/texmf-dist/tex/generic/babel/locale/fr/babel-french.tex
Package babel Info: Importing font and identification data for french
(babel)             from babel-fr.ini. Reported on input line 11.
) (/usr/share/texlive/texmf-dist/tex/latex/carlisle/scalefnt.sty) (/usr/share/texlive/texmf-dist/tex/latex/multirow/multirow.sty
Package: multirow 2021/03/15 v2.8 Span multiple rows of a table
\multirow@colwidth=\skip50
\multirow@cntb=\count270
\multirow@dima=\skip51
\bigstrutjot=\dimen153
) (/usr/share/texlive/texmf-dist/tex/latex/base/inputenc.sty
Package: inputenc 2021/02/14 v1.3d Input encoding file
\inpenc@prehook=\toks19
\inpenc@posthook=\toks20
) (/usr/share/texlive/texmf-dist/tex/latex/geometry/geometry.sty
Package: geometry 2020/01/02 v5.9 Page Geometry
 (/usr/share/texlive/texmf-dist/tex/generic/iftex/ifvtex.sty
Package: ifvtex 2019/10/25 v1.7 ifvtex legacy package. Use iftex instead.
 (/usr/share/texlive/texmf-dist/tex/generic/iftex/iftex.sty
Package: iftex 2022/02/03 v1.0f TeX engine tests
))
\Gm@cnth=\count271
\Gm@cntv=\count272
\c@Gm@tempcnt=\count273
\Gm@bindingoffset=\dimen154
\Gm@wd@mp=\dimen155
\Gm@odd@mp=\dimen156
\Gm@even@mp=\dimen157
\Gm@layoutwidth=\dimen158
\Gm@layoutheight=\dimen159
\Gm@layouthoffset=\dimen160
\Gm@layoutvoffset=\dimen161
\Gm@dimlist=\toks21
) (/usr/share/texlive/texmf-dist/tex/latex/base/fontenc.sty
Package: fontenc 2021/04/29 v2.0v Standard LaTeX package
) (/usr/share/texlive/texmf-dist/tex/latex/amsmath/amsmath.sty
Package: amsmath 2023/05/13 v2.17o AMS math features
\@mathmargin=\skip52

For additional information on amsmath, use the `?' option.
(/usr/share/texlive/texmf-dist/tex/latex/amsmath/amstext.sty
Package: amstext 2021/08/26 v2.01 AMS text
 (/usr/share/texlive/texmf-dist/tex/latex/amsmath/amsgen.sty
File: amsgen.sty 1999/11/30 v2.0 generic functions
\@emptytoks=\toks22
\ex@=\dimen162
)) (/usr/share/texlive/texmf-dist/tex/latex/amsmath/amsbsy.sty
Package: amsbsy 1999/11/29 v1.2d Bold Symbols
\pmbraise@=\dimen163
) (/usr/share/texlive/texmf-dist/tex/latex/amsmath/amsopn.sty
Package: amsopn 2022/04/08 v2.04 operator names
)
\inf@bad=\count274
LaTeX Info: Redefining \frac on input line 234.
\uproot@=\count275
\leftroot@=\count276
LaTeX Info: Redefining \overline on input line 399.
LaTeX Info: Redefining \colon on input line 410.
\classnum@=\count277
\DOTSCASE@=\count278
LaTeX Info: Redefining \ldots on input line 496.
LaTeX Info: Redefining \dots on input line 499.
LaTeX Info: Redefining \cdots on input line 620.
\Mathstrutbox@=\box51
\strutbox@=\box52
LaTeX Info: Redefining \big on input line 722.
LaTeX Info: Redefining \Big on input line 723.
LaTeX Info: Redefining \bigg on input line 724.
LaTeX Info: Redefining \Bigg on input line 725.
\big@size=\dimen164
LaTeX Font Info:    Redeclaring font encoding OML on input line 743.
LaTeX Font Info:    Redeclaring font encoding OMS on input line 744.
\macc@depth=\count279
LaTeX Info: Redefining \bmod on input line 905.
LaTeX Info: Redefining \pmod on input line 910.
LaTeX Info: Redefining \smash on input line 940.
LaTeX Info: Redefining \relbar on input line 970.
LaTeX Info: Redefining \Relbar on input line 971.
\c@MaxMatrixCols=\count280
\dotsspace@=\muskip16
\c@parentequation=\count281
\dspbrk@lvl=\count282
\tag@help=\toks23
\row@=\count283
\column@=\count284
\maxfields@=\count285
\andhelp@=\toks24
\eqnshift@=\dimen165
\alignsep@=\dimen166
\tagshift@=\dimen167
\tagwidth@=\dimen168
\totwidth@=\dimen169
\lineht@=\dimen170
\@envbody=\toks25
\multlinegap=\skip53
\multlinetaggap=\skip54
\mathdisplay@stack=\toks26
LaTeX Info: Redefining \[ on input line 2953.
LaTeX Info: Redefining \] on input line 2954.
) (/usr/share/texlive/texmf-dist/tex/latex/amscls/amsthm.sty
Package: amsthm 2020/05/29 v2.20.6
\thm@style=\toks27
\thm@bodyfont=\toks28
\thm@headfont=\toks29
\thm@notefont=\toks30
\thm@headpunct=\toks31
\thm@preskip=\skip55
\thm@postskip=\skip56
\thm@headsep=\skip57
\dth@everypar=\toks32
) (/usr/share/texlive/texmf-dist/tex/latex/amsfonts/amsfonts.sty
Package: amsfonts 2013/01/14 v3.01 Basic AMSFonts support
\symAMSa=\mathgroup4
\symAMSb=\mathgroup5
LaTeX Font Info:    Redeclaring math symbol \hbar on input line 98.
LaTeX Font Info:    Overwriting math alphabet `\mathfrak' in version `bold'
(Font)                  U/euf/m/n --> U/euf/b/n on input line 106.
) (/usr/share/texlive/texmf-dist/tex/latex/amsfonts/amssymb.sty
Package: amssymb 2013/01/14 v3.01 AMS font symbols
) (/usr/share/texlive/texmf-dist/tex/latex/adjustbox/adjustbox.sty
Package: adjustbox 2022/10/17 v1.3a Adjusting TeX boxes (trim, clip, ...)
 (/usr/share/texlive/texmf-dist/tex/latex/xkeyval/xkeyval.sty
Package: xkeyval 2022/06/16 v2.9 package option processing (HA)
 (/usr/share/texlive/texmf-dist/tex/generic/xkeyval/xkeyval.tex (/usr/share/texlive/texmf-dist/tex/generic/xkeyval/xkvutils.tex
\XKV@toks=\toks33
\XKV@tempa@toks=\toks34
)
\XKV@depth=\count286
File: xkeyval.tex 2014/12/03 v2.7a key=value parser (HA)
)) (/usr/share/texlive/texmf-dist/tex/latex/adjustbox/adjcalc.sty
Package: adjcalc 2012/05/16 v1.1 Provides advanced setlength with multiple back-ends (calc, etex, pgfmath)
) (/usr/share/texlive/texmf-dist/tex/latex/adjustbox/trimclip.sty
Package: trimclip 2020/08/19 v1.2 Trim and clip general TeX material
 (/usr/share/texlive/texmf-dist/tex/latex/collectbox/collectbox.sty
Package: collectbox 2022/10/17 v0.4c Collect macro arguments as boxes
\collectedbox=\box53
)
\tc@llx=\dimen171
\tc@lly=\dimen172
\tc@urx=\dimen173
\tc@ury=\dimen174
Package trimclip Info: Using driver 'tc-pdftex.def'.
 (/usr/share/texlive/texmf-dist/tex/latex/adjustbox/tc-pdftex.def
File: tc-pdftex.def 2019/01/04 v2.2 Clipping driver for pdftex
))
\adjbox@Width=\dimen175
\adjbox@Height=\dimen176
\adjbox@Depth=\dimen177
\adjbox@Totalheight=\dimen178
\adjbox@pwidth=\dimen179
\adjbox@pheight=\dimen180
\adjbox@pdepth=\dimen181
\adjbox@ptotalheight=\dimen182
 (/usr/share/texlive/texmf-dist/tex/latex/ifoddpage/ifoddpage.sty
Package: ifoddpage 2022/10/18 v1.2 Conditionals for odd/even page detection
\c@checkoddpage=\count287
) (/usr/share/texlive/texmf-dist/tex/latex/varwidth/varwidth.sty
Package: varwidth 2009/03/30 ver 0.92;  Variable-width minipages
\@vwid@box=\box54
\sift@deathcycles=\count288
\@vwid@loff=\dimen183
\@vwid@roff=\dimen184
)) (/usr/share/texlive/texmf-dist/tex/latex/tools/array.sty
Package: array 2023/10/16 v2.5g Tabular extension package (FMi)
\col@sep=\dimen185
\ar@mcellbox=\box55
\extrarowheight=\dimen186
\NC@list=\toks35
\extratabsurround=\skip58
\backup@length=\skip59
\ar@cellbox=\box56
) (/usr/share/texlive/texmf-dist/tex/latex/algorithms/algorithm.sty
Package: algorithm 2009/08/24 v0.1 Document Style `algorithm' - floating environment
 (/usr/share/texlive/texmf-dist/tex/latex/float/float.sty
Package: float 2001/11/08 v1.3d Float enhancements (AL)
\c@float@type=\count289
\float@exts=\toks36
\float@box=\box57
\@float@everytoks=\toks37
\@floatcapt=\box58
) (/usr/share/texlive/texmf-dist/tex/latex/base/ifthen.sty
Package: ifthen 2022/04/13 v1.1d Standard LaTeX ifthen package (DPC)
)
\@float@every@algorithm=\toks38
\c@algorithm=\count290
) (/usr/share/texlive/texmf-dist/tex/latex/algorithms/algorithmic.sty
Package: algorithmic 2009/08/24 v0.1 Document Style `algorithmic'
\c@ALC@unique=\count291
\c@ALC@line=\count292
\c@ALC@rem=\count293
\c@ALC@depth=\count294
\ALC@tlm=\skip60
\algorithmicindent=\skip61
) (/usr/share/texlive/texmf-dist/tex/latex/siunitx/siunitx.sty
Package: siunitx 2024-01-25 v3.3.10 A comprehensive (SI) units package
\l__siunitx_number_uncert_offset_int=\count295
\l__siunitx_number_exponent_fixed_int=\count296
\l__siunitx_number_min_decimal_int=\count297
\l__siunitx_number_min_integer_int=\count298
\l__siunitx_number_round_precision_int=\count299
\l__siunitx_number_lower_threshold_int=\count300
\l__siunitx_number_upper_threshold_int=\count301
\l__siunitx_number_group_first_int=\count302
\l__siunitx_number_group_size_int=\count303
\l__siunitx_number_group_minimum_int=\count304
\l__siunitx_angle_tmp_dim=\dimen187
\l__siunitx_angle_marker_box=\box59
\l__siunitx_angle_unit_box=\box60
\l__siunitx_compound_count_int=\count305
 (/usr/share/texlive/texmf-dist/tex/latex/translations/translations.sty
Package: translations 2022/02/05 v1.12 internationalization of LaTeX2e packages (CN)
 (/usr/share/texlive/texmf-dist/tex/latex/etoolbox/etoolbox.sty
Package: etoolbox 2020/10/05 v2.5k e-TeX tools for LaTeX (JAW)
\etb@tempcnta=\count306
) (/usr/share/texlive/texmf-dist/tex/generic/pdftexcmds/pdftexcmds.sty
Package: pdftexcmds 2020-06-27 v0.33 Utility functions of pdfTeX for LuaTeX (HO)
 (/usr/share/texlive/texmf-dist/tex/generic/infwarerr/infwarerr.sty
Package: infwarerr 2019/12/03 v1.5 Providing info/warning/error messages (HO)
) (/usr/share/texlive/texmf-dist/tex/generic/ltxcmds/ltxcmds.sty
Package: ltxcmds 2023-12-04 v1.26 LaTeX kernel commands for general use (HO)
)
Package pdftexcmds Info: \pdf@primitive is available.
Package pdftexcmds Info: \pdf@ifprimitive is available.
Package pdftexcmds Info: \pdfdraftmode found.
))
\l__siunitx_table_tmp_box=\box61
\l__siunitx_table_tmp_dim=\dimen188
\l__siunitx_table_column_width_dim=\dimen189
\l__siunitx_table_integer_box=\box62
\l__siunitx_table_decimal_box=\box63
\l__siunitx_table_uncert_box=\box64
\l__siunitx_table_before_box=\box65
\l__siunitx_table_after_box=\box66
\l__siunitx_table_before_dim=\dimen190
\l__siunitx_table_carry_dim=\dimen191
\l__siunitx_unit_tmp_int=\count307
\l__siunitx_unit_position_int=\count308
\l__siunitx_unit_total_int=\count309
) (/usr/share/texlive/texmf-dist/tex/latex/caption/subcaption.sty
Package: subcaption 2023/07/28 v1.6b Sub-captions (AR)
 (/usr/share/texlive/texmf-dist/tex/latex/caption/caption.sty
Package: caption 2023/08/05 v3.6o Customizing captions (AR)
 (/usr/share/texlive/texmf-dist/tex/latex/caption/caption3.sty
Package: caption3 2023/07/31 v2.4d caption3 kernel (AR)
\caption@tempdima=\dimen192
\captionmargin=\dimen193
\caption@leftmargin=\dimen194
\caption@rightmargin=\dimen195
\caption@width=\dimen196
\caption@indent=\dimen197
\caption@parindent=\dimen198
\caption@hangindent=\dimen199
Package caption Info: Standard document class detected.
Package caption Info: french babel package is loaded.
)
\c@caption@flags=\count310
\c@continuedfloat=\count311
Package caption Info: float package is loaded.
)
Package caption Info: New subtype `subfigure' on input line 238.
\c@subfigure=\count312
Package caption Info: New subtype `subtable' on input line 238.
\c@subtable=\count313
) (/usr/share/texlive/texmf-dist/tex/latex/booktabs/booktabs.sty
Package: booktabs 2020/01/12 v1.61803398 Publication quality tables
\heavyrulewidth=\dimen256
\lightrulewidth=\dimen257
\cmidrulewidth=\dimen258
\belowrulesep=\dimen259
\belowbottomsep=\dimen260
\aboverulesep=\dimen261
\abovetopsep=\dimen262
\cmidrulesep=\dimen263
\cmidrulekern=\dimen264
\defaultaddspace=\dimen265
\@cmidla=\count314
\@cmidlb=\count315
\@aboverulesep=\dimen266
\@belowrulesep=\dimen267
\@thisruleclass=\count316
\@lastruleclass=\count317
\@thisrulewidth=\dimen268
) (/usr/share/texlive/texmf-dist/tex/latex/graphics/color.sty
Package: color 2022/01/06 v1.3d Standard LaTeX Color (DPC)
 (/usr/share/texlive/texmf-dist/tex/latex/graphics-cfg/color.cfg
File: color.cfg 2016/01/02 v1.6 sample color configuration
)
Package color Info: Driver file: pdftex.def on input line 149.
 (/usr/share/texlive/texmf-dist/tex/latex/graphics/mathcolor.ltx)) (/usr/share/texlive/texmf-dist/tex/latex/l3backend/l3backend-pdftex.def
File: l3backend-pdftex.def 2024-01-04 L3 backend support: PDF output (pdfTeX)
\l__color_backend_stack_int=\count318
\l__pdf_internal_box=\box67
) (./main_french.aux

LaTeX Warning: Label `fig:dec-costs' multiply defined.


LaTeX Warning: Label `fig:dec-gradient' multiply defined.


LaTeX Warning: Label `fig:dec-h' multiply defined.


LaTeX Warning: Label `fig:dec-b' multiply defined.


LaTeX Warning: Label `fig:dec-view' multiply defined.

)
\openout1 = `main_french.aux'.

LaTeX Font Info:    Checking defaults for OML/cmm/m/it on input line 25.
LaTeX Font Info:    ... okay on input line 25.
LaTeX Font Info:    Checking defaults for OMS/cmsy/m/n on input line 25.
LaTeX Font Info:    ... okay on input line 25.
LaTeX Font Info:    Checking defaults for OT1/cmr/m/n on input line 25.
LaTeX Font Info:    ... okay on input line 25.
LaTeX Font Info:    Checking defaults for T1/cmr/m/n on input line 25.
LaTeX Font Info:    ... okay on input line 25.
LaTeX Font Info:    Checking defaults for TS1/cmr/m/n on input line 25.
LaTeX Font Info:    ... okay on input line 25.
LaTeX Font Info:    Checking defaults for OMX/cmex/m/n on input line 25.
LaTeX Font Info:    ... okay on input line 25.
LaTeX Font Info:    Checking defaults for U/cmr/m/n on input line 25.
LaTeX Font Info:    ... okay on input line 25.
 (/usr/share/texlive/texmf-dist/tex/context/base/mkii/supp-pdf.mkii
[Loading MPS to PDF converter (version 2006.09.02).]
\scratchcounter=\count319
\scratchdimen=\dimen269
\scratchbox=\box68
\nofMPsegments=\count320
\nofMParguments=\count321
\everyMPshowfont=\toks39
\MPscratchCnt=\count322
\MPscratchDim=\dimen270
\MPnumerator=\count323
\makeMPintoPDFobject=\count324
\everyMPtoPDFconversion=\toks40
) (/usr/share/texlive/texmf-dist/tex/latex/epstopdf-pkg/epstopdf-base.sty
Package: epstopdf-base 2020-01-24 v2.11 Base part for package epstopdf
Package epstopdf-base Info: Redefining graphics rule for `.eps' on input line 485.
 (/usr/share/texlive/texmf-dist/tex/latex/latexconfig/epstopdf-sys.cfg
File: epstopdf-sys.cfg 2010/07/13 v1.3 Configuration of (r)epstopdf for TeX Live
))
LaTeX Info: Redefining \degres on input line 25.
LaTeX Info: Redefining \up on input line 25.

*geometry* driver: auto-detecting
*geometry* detected driver: pdftex
*geometry* verbose mode - [ preamble ] result:
* driver: pdftex
* paper: a4paper
* layout: <same size as paper>
* layoutoffset:(h,v)=(0.0pt,0.0pt)
* modes: 
* h-part:(L,W,R)=(36.135pt, 525.23788pt, 36.135pt)
* v-part:(T,H,B)=(36.135pt, 772.77686pt, 36.135pt)
* \paperwidth=597.50787pt
* \paperheight=845.04684pt
* \textwidth=525.23788pt
* \textheight=772.77686pt
* \oddsidemargin=-36.135pt
* \evensidemargin=-36.135pt
* \topmargin=-73.135pt
* \headheight=12.0pt
* \headsep=25.0pt
* \topskip=10.0pt
* \footskip=30.0pt
* \marginparwidth=65.0pt
* \marginparsep=11.0pt
* \columnsep=10.0pt
* \skip\footins=9.0pt plus 4.0pt minus 2.0pt
* \hoffset=0.0pt
* \voffset=0.0pt
* \mag=1000
* \@twocolumnfalse
* \@twosidefalse
* \@mparswitchfalse
* \@reversemarginfalse
* (1in=72.27pt=25.4mm, 1cm=28.453pt)

(/usr/share/texlive/texmf-dist/tex/latex/translations/translations-basic-dictionary-french.trsl
File: translations-basic-dictionary-french.trsl (french translation file `translations-basic-dictionary')
)
Package translations Info: loading dictionary `translations-basic-dictionary' for `french'. on input line 25.
Package caption Info: Begin \AtBeginDocument code.
Package caption Info: End \AtBeginDocument code.
<Logo-toulouse-inp-N7.png, id=1, 567.11874pt x 205.76875pt>
File: Logo-toulouse-inp-N7.png Graphic file (type png)
<use Logo-toulouse-inp-N7.png>
Package pdftex.def Info: Logo-toulouse-inp-N7.png  used on input line 29.
(pdftex.def)             Requested size: 157.57297pt x 57.17213pt.
 [1

{/var/lib/texmf/fonts/map/pdftex/updmap/pdftex.map}{/usr/share/texmf/fonts/enc/dvips/cm-super/cm-super-t1.enc} <./Logo-toulouse-inp-N7.png>] (./main_french.toc
LaTeX Font Info:    Trying to load font information for U+msa on input line 4.
 (/usr/share/texlive/texmf-dist/tex/latex/amsfonts/umsa.fd
File: umsa.fd 2013/01/14 v3.01 AMS symbols A
)
LaTeX Font Info:    Trying to load font information for U+msb on input line 4.
 (/usr/share/texlive/texmf-dist/tex/latex/amsfonts/umsb.fd
File: umsb.fd 2013/01/14 v3.01 AMS symbols B
))
\tf@toc=\write3
\openout3 = `main_french.toc'.

 [1]
Underfull \hbox (badness 10000) in paragraph at lines 68--69

 []

[2]
<Images_Axel/grad2.png, id=31, 462.528pt x 346.896pt>
File: Images_Axel/grad2.png Graphic file (type png)
<use Images_Axel/grad2.png>
Package pdftex.def Info: Images_Axel/grad2.png  used on input line 210.
(pdftex.def)             Requested size: 420.19191pt x 315.1571pt.
 [3] [4 <./Images_Axel/grad2.png>]
<Images_Axel/n_wave_bathy_5.png, id=45, 462.528pt x 346.896pt>
File: Images_Axel/n_wave_bathy_5.png Graphic file (type png)
<use Images_Axel/n_wave_bathy_5.png>
Package pdftex.def Info: Images_Axel/n_wave_bathy_5.png  used on input line 339.
(pdftex.def)             Requested size: 236.35544pt x 177.26926pt.
<Images_Axel/n_20_amp_3.png, id=46, 462.528pt x 346.896pt>
File: Images_Axel/n_20_amp_3.png Graphic file (type png)
<use Images_Axel/n_20_amp_3.png>
Package pdftex.def Info: Images_Axel/n_20_amp_3.png  used on input line 346.
(pdftex.def)             Requested size: 236.35544pt x 177.26926pt.
 [5]
<Images_Ayoub/No_Regularisation/Costs.png, id=50, 627.34375pt x 470.75874pt>
File: Images_Ayoub/No_Regularisation/Costs.png Graphic file (type png)
<use Images_Ayoub/No_Regularisation/Costs.png>
Package pdftex.def Info: Images_Ayoub/No_Regularisation/Costs.png  used on input line 398.
(pdftex.def)             Requested size: 236.35544pt x 177.36015pt.
<Images_Ayoub/No_Regularisation/Gradient.png, id=51, 621.32124pt x 479.7925pt>
File: Images_Ayoub/No_Regularisation/Gradient.png Graphic file (type png)
<use Images_Ayoub/No_Regularisation/Gradient.png>
Package pdftex.def Info: Images_Ayoub/No_Regularisation/Gradient.png  used on input line 405.
(pdftex.def)             Requested size: 236.35544pt x 182.51338pt.
<Images_Ayoub/No_Regularisation/H_Comparaison.png, id=52, 707.64375pt x 534.99875pt>
File: Images_Ayoub/No_Regularisation/H_Comparaison.png Graphic file (type png)
<use Images_Ayoub/No_Regularisation/H_Comparaison.png>
Package pdftex.def Info: Images_Ayoub/No_Regularisation/H_Comparaison.png  used on input line 415.
(pdftex.def)             Requested size: 236.35544pt x 178.68893pt.
<Images_Ayoub/No_Regularisation/b_Comparaison.png, id=53, 769.87625pt x 630.355pt>
File: Images_Ayoub/No_Regularisation/b_Comparaison.png Graphic file (type png)
<use Images_Ayoub/No_Regularisation/b_Comparaison.png>
Package pdftex.def Info: Images_Ayoub/No_Regularisation/b_Comparaison.png  used on input line 422.
(pdftex.def)             Requested size: 236.35544pt x 193.52281pt.
<Images_Ayoub/No_Regularisation/View.png, id=54, 1003.75pt x 705.63625pt>
File: Images_Ayoub/No_Regularisation/View.png Graphic file (type png)
<use Images_Ayoub/No_Regularisation/View.png>
Package pdftex.def Info: Images_Ayoub/No_Regularisation/View.png  used on input line 432.
(pdftex.def)             Requested size: 288.88243pt x 203.08957pt.
 [6 <./Images_Axel/n_wave_bathy_5.png> <./Images_Axel/n_20_amp_3.png>] [7 <./Images_Ayoub/No_Regularisation/Costs.png> <./Images_Ayoub/No_Regularisation/Gradient.png> <./Images_Ayoub/No_Regularisation/H_Comparaison.png> <./Images_Ayoub/No_Regularisation/b_Comparaison.png> <./Images_Ayoub/No_Regularisation/View.png>]
<Images_Ayoub/With_Regularisation/Alpha_Const/Pasted image.png, id=72, 1193.45876pt x 142.5325pt>
File: Images_Ayoub/With_Regularisation/Alpha_Const/Pasted image.png Graphic file (type png)
<use Images_Ayoub/With_Regularisation/Alpha_Const/Pasted image.png>
Package pdftex.def Info: Images_Ayoub/With_Regularisation/Alpha_Const/Pasted image.png  used on input line 459.
(pdftex.def)             Requested size: 420.19191pt x 50.18289pt.
<Images_Ayoub/With_Regularisation/Alpha_Const/Graphs/Costs.png, id=73, 602.25pt x 454.69875pt>
File: Images_Ayoub/With_Regularisation/Alpha_Const/Graphs/Costs.png Graphic file (type png)
<use Images_Ayoub/With_Regularisation/Alpha_Const/Graphs/Costs.png>
Package pdftex.def Info: Images_Ayoub/With_Regularisation/Alpha_Const/Graphs/Costs.png  used on input line 469.
(pdftex.def)             Requested size: 236.35544pt x 178.44884pt.
<Images_Ayoub/With_Regularisation/Alpha_Const/Graphs/Gradient.png, id=74, 627.34375pt x 467.7475pt>
File: Images_Ayoub/With_Regularisation/Alpha_Const/Graphs/Gradient.png Graphic file (type png)
<use Images_Ayoub/With_Regularisation/Alpha_Const/Graphs/Gradient.png>
Package pdftex.def Info: Images_Ayoub/With_Regularisation/Alpha_Const/Graphs/Gradient.png  used on input line 476.
(pdftex.def)             Requested size: 236.35544pt x 176.22565pt.
<Images_Ayoub/With_Regularisation/Alpha_Const/Graphs/H_Comparaison.png, id=75, 622.325pt x 486.81876pt>
File: Images_Ayoub/With_Regularisation/Alpha_Const/Graphs/H_Comparaison.png Graphic file (type png)
<use Images_Ayoub/With_Regularisation/Alpha_Const/Graphs/H_Comparaison.png>
Package pdftex.def Info: Images_Ayoub/With_Regularisation/Alpha_Const/Graphs/H_Comparaison.png  used on input line 486.
(pdftex.def)             Requested size: 236.35544pt x 184.88905pt.
<Images_Ayoub/With_Regularisation/Alpha_Const/Graphs/b_Comparaison.png, id=76, 719.68875pt x 541.02126pt>
File: Images_Ayoub/With_Regularisation/Alpha_Const/Graphs/b_Comparaison.png Graphic file (type png)
<use Images_Ayoub/With_Regularisation/Alpha_Const/Graphs/b_Comparaison.png>
Package pdftex.def Info: Images_Ayoub/With_Regularisation/Alpha_Const/Graphs/b_Comparaison.png  used on input line 493.
(pdftex.def)             Requested size: 236.35544pt x 177.679pt.
<Images_Ayoub/With_Regularisation/Alpha_Const/Graphs/View.png, id=77, 930.47626pt x 658.46pt>
File: Images_Ayoub/With_Regularisation/Alpha_Const/Graphs/View.png Graphic file (type png)
<use Images_Ayoub/With_Regularisation/Alpha_Const/Graphs/View.png>
Package pdftex.def Info: Images_Ayoub/With_Regularisation/Alpha_Const/Graphs/View.png  used on input line 503.
(pdftex.def)             Requested size: 315.14594pt x 223.00937pt.
 [8 <./Images_Ayoub/With_Regularisation/Alpha_Const/Pasted image.png (PNG copy)>] [9 <./Images_Ayoub/With_Regularisation/Alpha_Const/Graphs/Costs.png> <./Images_Ayoub/With_Regularisation/Alpha_Const/Graphs/Gradient.png> <./Images_Ayoub/With_Regularisation/Alpha_Const/Graphs/H_Comparaison.png> <./Images_Ayoub/With_Regularisation/Alpha_Const/Graphs/b_Comparaison.png> <./Images_Ayoub/With_Regularisation/Alpha_Const/Graphs/View.png>]
<Images_Ayoub/With_Regularisation/Decreasing_Alpha/Costs.png, id=89, 626.34pt x 481.8pt>
File: Images_Ayoub/With_Regularisation/Decreasing_Alpha/Costs.png Graphic file (type png)
<use Images_Ayoub/With_Regularisation/Decreasing_Alpha/Costs.png>
Package pdftex.def Info: Images_Ayoub/With_Regularisation/Decreasing_Alpha/Costs.png  used on input line 534.
(pdftex.def)             Requested size: 252.11194pt x 193.9296pt.
<Images_Ayoub/With_Regularisation/Decreasing_Alpha/Gradient.png, id=90, 626.34pt x 481.8pt>
File: Images_Ayoub/With_Regularisation/Decreasing_Alpha/Gradient.png Graphic file (type png)
<use Images_Ayoub/With_Regularisation/Decreasing_Alpha/Gradient.png>
Package pdftex.def Info: Images_Ayoub/With_Regularisation/Decreasing_Alpha/Gradient.png  used on input line 541.
(pdftex.def)             Requested size: 252.11194pt x 193.9296pt.
<Images_Ayoub/With_Regularisation/Decreasing_Alpha/H_Comparaison.png, id=91, 637.38126pt x 479.7925pt>
File: Images_Ayoub/With_Regularisation/Decreasing_Alpha/H_Comparaison.png Graphic file (type png)
<use Images_Ayoub/With_Regularisation/Decreasing_Alpha/H_Comparaison.png>
Package pdftex.def Info: Images_Ayoub/With_Regularisation/Decreasing_Alpha/H_Comparaison.png  used on input line 551.
(pdftex.def)             Requested size: 252.11194pt x 189.77585pt.
<Images_Ayoub/With_Regularisation/Decreasing_Alpha/b_Comparaison.png, id=92, 745.78625pt x 600.2425pt>
File: Images_Ayoub/With_Regularisation/Decreasing_Alpha/b_Comparaison.png Graphic file (type png)
<use Images_Ayoub/With_Regularisation/Decreasing_Alpha/b_Comparaison.png>
Package pdftex.def Info: Images_Ayoub/With_Regularisation/Decreasing_Alpha/b_Comparaison.png  used on input line 558.
(pdftex.def)             Requested size: 252.11194pt x 202.9074pt.
<Images_Ayoub/With_Regularisation/Decreasing_Alpha/Viwe.png, id=93, 949.5475pt x 738.76pt>
File: Images_Ayoub/With_Regularisation/Decreasing_Alpha/Viwe.png Graphic file (type png)
<use Images_Ayoub/With_Regularisation/Decreasing_Alpha/Viwe.png>
Package pdftex.def Info: Images_Ayoub/With_Regularisation/Decreasing_Alpha/Viwe.png  used on input line 568.
(pdftex.def)             Requested size: 420.19191pt x 326.91536pt.
 [10]
Overfull \vbox (59.59203pt too high) has occurred while \output is active []

 [11 <./Images_Ayoub/With_Regularisation/Decreasing_Alpha/Costs.png> <./Images_Ayoub/With_Regularisation/Decreasing_Alpha/Gradient.png> <./Images_Ayoub/With_Regularisation/Decreasing_Alpha/H_Comparaison.png> <./Images_Ayoub/With_Regularisation/Decreasing_Alpha/b_Comparaison.png> <./Images_Ayoub/With_Regularisation/Decreasing_Alpha/Viwe.png>]
<Images_Ayoub/With_Regularisation/Gradient/Costs.png, id=105, 612.2875pt x 468.75125pt>
File: Images_Ayoub/With_Regularisation/Gradient/Costs.png Graphic file (type png)
<use Images_Ayoub/With_Regularisation/Gradient/Costs.png>
Package pdftex.def Info: Images_Ayoub/With_Regularisation/Gradient/Costs.png  used on input line 590.
(pdftex.def)             Requested size: 252.11194pt x 193.00464pt.
<Images_Ayoub/With_Regularisation/Gradient/Gradient.png, id=106, 612.2875pt x 468.75125pt>
File: Images_Ayoub/With_Regularisation/Gradient/Gradient.png Graphic file (type png)
<use Images_Ayoub/With_Regularisation/Gradient/Gradient.png>
Package pdftex.def Info: Images_Ayoub/With_Regularisation/Gradient/Gradient.png  used on input line 597.
(pdftex.def)             Requested size: 252.11194pt x 193.00464pt.
<Images_Ayoub/With_Regularisation/Gradient/H_Comparaison.png, id=107, 940.51375pt x 671.50874pt>
File: Images_Ayoub/With_Regularisation/Gradient/H_Comparaison.png Graphic file (type png)
<use Images_Ayoub/With_Regularisation/Gradient/H_Comparaison.png>
Package pdftex.def Info: Images_Ayoub/With_Regularisation/Gradient/H_Comparaison.png  used on input line 607.
(pdftex.def)             Requested size: 252.11194pt x 179.99825pt.
<Images_Ayoub/With_Regularisation/Gradient/b_Comparaison.png, id=108, 1009.7725pt x 723.70375pt>
File: Images_Ayoub/With_Regularisation/Gradient/b_Comparaison.png Graphic file (type png)
<use Images_Ayoub/With_Regularisation/Gradient/b_Comparaison.png>
Package pdftex.def Info: Images_Ayoub/With_Regularisation/Gradient/b_Comparaison.png  used on input line 614.
(pdftex.def)             Requested size: 252.11194pt x 180.68254pt.
<Images_Ayoub/With_Regularisation/Gradient/View.png, id=109, 1009.7725pt x 723.70375pt>
File: Images_Ayoub/With_Regularisation/Gradient/View.png Graphic file (type png)
<use Images_Ayoub/With_Regularisation/Gradient/View.png>
Package pdftex.def Info: Images_Ayoub/With_Regularisation/Gradient/View.png  used on input line 624.
(pdftex.def)             Requested size: 367.6649pt x 263.50366pt.
 [12]
Overfull \vbox (2.82004pt too high) has occurred while \output is active []

 [13 <./Images_Ayoub/With_Regularisation/Gradient/Costs.png> <./Images_Ayoub/With_Regularisation/Gradient/Gradient.png> <./Images_Ayoub/With_Regularisation/Gradient/H_Comparaison.png> <./Images_Ayoub/With_Regularisation/Gradient/b_Comparaison.png> <./Images_Ayoub/With_Regularisation/Gradient/View.png>]
Underfull \hbox (badness 10000) in paragraph at lines 679--680

 []

<Images_Ayoub/h_connue/Costs.png, id=122, 629.35126pt x 467.7475pt>
File: Images_Ayoub/h_connue/Costs.png Graphic file (type png)
<use Images_Ayoub/h_connue/Costs.png>
Package pdftex.def Info: Images_Ayoub/h_connue/Costs.png  used on input line 709.
(pdftex.def)             Requested size: 252.11194pt x 187.37402pt.
<Images_Ayoub/h_connue/Gradient.png, id=123, 629.35126pt x 467.7475pt>
File: Images_Ayoub/h_connue/Gradient.png Graphic file (type png)
<use Images_Ayoub/h_connue/Gradient.png>
Package pdftex.def Info: Images_Ayoub/h_connue/Gradient.png  used on input line 716.
(pdftex.def)             Requested size: 252.11194pt x 187.37402pt.
<Images_Ayoub/h_connue/H_Comparaison.png, id=124, 709.65125pt x 558.085pt>
File: Images_Ayoub/h_connue/H_Comparaison.png Graphic file (type png)
<use Images_Ayoub/h_connue/H_Comparaison.png>
Package pdftex.def Info: Images_Ayoub/h_connue/H_Comparaison.png  used on input line 726.
(pdftex.def)             Requested size: 252.11194pt x 198.26207pt.
<Images_Ayoub/h_connue/b_Comparaison.png, id=125, 727.71875pt x 644.4075pt>
File: Images_Ayoub/h_connue/b_Comparaison.png Graphic file (type png)
<use Images_Ayoub/h_connue/b_Comparaison.png>
Package pdftex.def Info: Images_Ayoub/h_connue/b_Comparaison.png  used on input line 733.
(pdftex.def)             Requested size: 252.11194pt x 223.24512pt.
<Images_Ayoub/h_connue/View.png, id=126, 1105.12875pt x 696.6025pt>
File: Images_Ayoub/h_connue/View.png Graphic file (type png)
<use Images_Ayoub/h_connue/View.png>
Package pdftex.def Info: Images_Ayoub/h_connue/View.png  used on input line 743.
(pdftex.def)             Requested size: 420.19191pt x 264.8605pt.
[14]
Overfull \vbox (11.31932pt too high) has occurred while \output is active []

 [15 <./Images_Ayoub/h_connue/Costs.png> <./Images_Ayoub/h_connue/Gradient.png> <./Images_Ayoub/h_connue/H_Comparaison.png> <./Images_Ayoub/h_connue/b_Comparaison.png> <./Images_Ayoub/h_connue/View.png>]
Underfull \hbox (badness 10000) in paragraph at lines 778--779

 []

<Images_Ayoub/Test_Cases_Tasks/Unmonitored/3/Pasted image.png, id=139, 995.72pt x 594.22pt>
File: Images_Ayoub/Test_Cases_Tasks/Unmonitored/3/Pasted image.png Graphic file (type png)
<use Images_Ayoub/Test_Cases_Tasks/Unmonitored/3/Pasted image.png>
Package pdftex.def Info: Images_Ayoub/Test_Cases_Tasks/Unmonitored/3/Pasted image.png  used on input line 790.
(pdftex.def)             Requested size: 252.11194pt x 150.44965pt.
<Images_Ayoub/Test_Cases_Tasks/Unmonitored/30/Pasted image.png, id=140, 995.72pt x 594.22pt>
File: Images_Ayoub/Test_Cases_Tasks/Unmonitored/30/Pasted image.png Graphic file (type png)
<use Images_Ayoub/Test_Cases_Tasks/Unmonitored/30/Pasted image.png>
Package pdftex.def Info: Images_Ayoub/Test_Cases_Tasks/Unmonitored/30/Pasted image.png  used on input line 797.
(pdftex.def)             Requested size: 252.11194pt x 150.44965pt.

Underfull \hbox (badness 10000) in paragraph at lines 809--811

 []

[16 <./Images_Ayoub/Test_Cases_Tasks/Unmonitored/3/Pasted image.png> <./Images_Ayoub/Test_Cases_Tasks/Unmonitored/30/Pasted image.png>]
<Images_Ayoub/Test_Cases_Tasks/Monitored/3/Pasted image.png, id=146, 989.6975pt x 592.2125pt>
File: Images_Ayoub/Test_Cases_Tasks/Monitored/3/Pasted image.png Graphic file (type png)
<use Images_Ayoub/Test_Cases_Tasks/Monitored/3/Pasted image.png>
Package pdftex.def Info: Images_Ayoub/Test_Cases_Tasks/Monitored/3/Pasted image.png  used on input line 846.
(pdftex.def)             Requested size: 252.11194pt x 150.85405pt.
<Images_Ayoub/Test_Cases_Tasks/Monitored/30/Pasted image.png, id=147, 980.66376pt x 587.19376pt>
File: Images_Ayoub/Test_Cases_Tasks/Monitored/30/Pasted image.png Graphic file (type png)
<use Images_Ayoub/Test_Cases_Tasks/Monitored/30/Pasted image.png>
Package pdftex.def Info: Images_Ayoub/Test_Cases_Tasks/Monitored/30/Pasted image.png  used on input line 852.
(pdftex.def)             Requested size: 252.11194pt x 150.95544pt.
 [17 <./Images_Ayoub/Test_Cases_Tasks/Monitored/3/Pasted image.png> <./Images_Ayoub/Test_Cases_Tasks/Monitored/30/Pasted image.png>] (./main_french.aux)
 ***********
LaTeX2e <2023-11-01> patch level 1
L3 programming layer <2024-01-22>
 ***********


LaTeX Warning: There were multiply-defined labels.

 ) 
Here is how much of TeX's memory you used:
 12950 strings out of 474222
 276525 string characters out of 5748733
 1938975 words of memory out of 5000000
 35037 multiletter control sequences out of 15000+600000
 577655 words of font info for 83 fonts, out of 8000000 for 9000
 1141 hyphenation exceptions out of 8191
 83i,14n,131p,622b,567s stack positions out of 10000i,1000n,20000p,200000b,200000s
</usr/share/texlive/texmf-dist/fonts/type1/public/amsfonts/cm/cmbx10.pfb></usr/share/texlive/texmf-dist/fonts/type1/public/amsfonts/cm/cmex10.pfb></usr/share/texlive/texmf-dist/fonts/type1/public/amsfonts/cm/cmmi10.pfb></usr/share/texlive/texmf-dist/fonts/type1/public/amsfonts/cm/cmmi12.pfb></usr/share/texlive/texmf-dist/fonts/type1/public/amsfonts/cm/cmmi5.pfb></usr/share/texlive/texmf-dist/fonts/type1/public/amsfonts/cm/cmmi7.pfb></usr/share/texlive/texmf-dist/fonts/type1/public/amsfonts/cm/cmmi9.pfb></usr/share/texlive/texmf-dist/fonts/type1/public/amsfonts/cm/cmr10.pfb></usr/share/texlive/texmf-dist/fonts/type1/public/amsfonts/cm/cmr12.pfb></usr/share/texlive/texmf-dist/fonts/type1/public/amsfonts/cm/cmr5.pfb></usr/share/texlive/texmf-dist/fonts/type1/public/amsfonts/cm/cmr7.pfb></usr/share/texlive/texmf-dist/fonts/type1/public/amsfonts/cm/cmr9.pfb></usr/share/texlive/texmf-dist/fonts/type1/public/amsfonts/cm/cmsy10.pfb></usr/share/texlive/texmf-dist/fonts/type1/public/amsfonts/cm/cmsy7.pfb></usr/share/texmf/fonts/type1/public/cm-super/sfbx0700.pfb></usr/share/texmf/fonts/type1/public/cm-super/sfbx1000.pfb></usr/share/texmf/fonts/type1/public/cm-super/sfbx1200.pfb></usr/share/texmf/fonts/type1/public/cm-super/sfbx1440.pfb></usr/share/texmf/fonts/type1/public/cm-super/sfbx2488.pfb></usr/share/texmf/fonts/type1/public/cm-super/sfcc1000.pfb></usr/share/texmf/fonts/type1/public/cm-super/sfrm0500.pfb></usr/share/texmf/fonts/type1/public/cm-super/sfrm0700.pfb></usr/share/texmf/fonts/type1/public/cm-super/sfrm0900.pfb></usr/share/texmf/fonts/type1/public/cm-super/sfrm1000.pfb></usr/share/texmf/fonts/type1/public/cm-super/sfrm1440.pfb></usr/share/texmf/fonts/type1/public/cm-super/sfti1000.pfb>
Output written on main_french.pdf (18 pages, 1887029 bytes).
PDF statistics:
 262 PDF objects out of 1000 (max. 8388607)
 121 compressed objects within 2 object streams
 0 named destinations out of 1000 (max. 500000)
 171 words of extra memory for PDF output out of 10000 (max. 10000000)

